<?xml version="1.0" encoding="UTF-8"?>
<!-- Generated by org.testng.reporters.JUnitReportReporter -->
<testsuite hostname="LAPTOP-GUCQM6AV" failures="0" tests="1" name="TestCase.TVS_Login_Page_TestCase" time="5.644" errors="0" timestamp="2022-10-06T10:26:28 IST" skipped="0">
  <testcase classname="TestCase.TVS_Login_Page_TestCase" name="Sign_In_Valid_Data" time="5.644"/>
  <system-out/>
</testsuite> <!-- TestCase.TVS_Login_Page_TestCase -->
