<?xml version="1.0" encoding="UTF-8"?>
<!-- Generated by org.testng.reporters.JUnitReportReporter -->
<testsuite hostname="LAPTOP-GUCQM6AV" failures="0" tests="6" name="TestCase.TVS_Admin_Add_SubAdmin_TestCase" time="113.323" errors="0" timestamp="2022-10-08T11:51:43 IST" skipped="0">
  <testcase classname="TestCase.TVS_Admin_Add_SubAdmin_TestCase" name="Add_Valid_Data" time="17.919"/>
  <system-out/>
  <testcase classname="TestCase.TVS_Admin_Add_SubAdmin_TestCase" name="Add_InValid_Data" time="19.961"/>
  <system-out/>
  <testcase classname="TestCase.TVS_Admin_Add_SubAdmin_TestCase" name="Add_blank_Data" time="18.754"/>
  <system-out/>
  <testcase classname="TestCase.TVS_Admin_Add_SubAdmin_TestCase" name="Add_Double_Space_Data" time="18.032"/>
  <system-out/>
  <testcase classname="TestCase.TVS_Admin_Add_SubAdmin_TestCase" name="Add_Address_With_More_Than_255_Character_Data" time="19.414"/>
  <system-out/>
  <testcase classname="TestCase.TVS_Admin_Add_SubAdmin_TestCase" name="Add_Address_With_Less_Than_3_Character_Data" time="19.243"/>
  <system-out/>
</testsuite> <!-- TestCase.TVS_Admin_Add_SubAdmin_TestCase -->
