<?xml version="1.0" encoding="UTF-8"?>
<!-- Generated by org.testng.reporters.JUnitReportReporter -->
<testsuite hostname="LAPTOP-GUCQM6AV" failures="0" tests="2" name="TestCase.TVS_Admin_Add_Admin_TestCase" time="39.161" errors="0" timestamp="2022-10-07T11:45:55 IST" skipped="0">
  <testcase classname="TestCase.TVS_Admin_Add_Admin_TestCase" name="Add_Address_With_More_Than_255_Character_Data" time="20.749"/>
  <system-out/>
  <testcase classname="TestCase.TVS_Admin_Add_Admin_TestCase" name="Add_Address_With_Less_Than_3_Character_Data" time="18.412"/>
  <system-out/>
</testsuite> <!-- TestCase.TVS_Admin_Add_Admin_TestCase -->
