<?xml version="1.0" encoding="UTF-8"?>
<!-- Generated by org.testng.reporters.JUnitReportReporter -->
<testsuite hostname="LAPTOP-GUCQM6AV" failures="0" tests="9" name="TestCase.TVS_Login_Page_TestCase" time="43.843" errors="0" timestamp="2022-09-17T09:36:00 IST" skipped="0">
  <testcase classname="TestCase.TVS_Login_Page_TestCase" name="Sign_In_Valid_Data" time="6.206"/>
  <system-out/>
  <testcase classname="TestCase.TVS_Login_Page_TestCase" name="Sign_In_InValid_Data" time="4.462"/>
  <system-out/>
  <testcase classname="TestCase.TVS_Login_Page_TestCase" name="Sign_In_Blank_Data" time="4.351"/>
  <system-out/>
  <testcase classname="TestCase.TVS_Login_Page_TestCase" name="Sign_In_ValidEmail_InvalidPassword" time="4.173"/>
  <system-out/>
  <testcase classname="TestCase.TVS_Login_Page_TestCase" name="Sign_In_ValidEmail_BlankPassword" time="4.482"/>
  <system-out/>
  <testcase classname="TestCase.TVS_Login_Page_TestCase" name="Sign_In_InValidEmail_ValidPassword" time="4.576"/>
  <system-out/>
  <testcase classname="TestCase.TVS_Login_Page_TestCase" name="Sign_In_InValidEmail_BlankPassword" time="4.371"/>
  <system-out/>
  <testcase classname="TestCase.TVS_Login_Page_TestCase" name="Sign_In_BlankEmail_ValidPassword" time="4.384"/>
  <system-out/>
  <testcase classname="TestCase.TVS_Login_Page_TestCase" name="Sign_In_BlankEmail_InValidPassword" time="6.838"/>
  <system-out/>
</testsuite> <!-- TestCase.TVS_Login_Page_TestCase -->
