<?xml version="1.0" encoding="UTF-8"?>
<!-- Generated by org.testng.reporters.JUnitReportReporter -->
<testsuite hostname="LAPTOP-GUCQM6AV" failures="0" tests="2" name="TestCase.TVS_Admin_Add_Admin_TestCase" time="10.776" errors="0" timestamp="2022-10-06T17:37:01 IST" skipped="1">
  <testcase classname="TestCase.TVS_Admin_Add_Admin_TestCase" name="Add_InValid_Data" time="10.776"/>
  <system-out/>
  <testcase classname="TestCase.TVS_Admin_Add_Admin_TestCase" name="Add_Valid_Data">
    <skipped/>
  </testcase> <!-- Add_Valid_Data -->
  <system-out/>
</testsuite> <!-- TestCase.TVS_Admin_Add_Admin_TestCase -->
