<?xml version="1.0" encoding="UTF-8"?>
<!-- Generated by org.testng.reporters.JUnitReportReporter -->
<testsuite hostname="LAPTOP-GUCQM6AV" failures="0" tests="2" name="TestCase.TVS_Admin_Add_Customer_TestCase" time="23.208" errors="0" timestamp="2022-10-10T10:40:25 IST" skipped="1">
  <testcase classname="TestCase.TVS_Admin_Add_Customer_TestCase" name="Add_InValid_Data" time="23.208"/>
  <system-out/>
  <testcase classname="TestCase.TVS_Admin_Add_Customer_TestCase" name="Add_Valid_Data">
    <skipped/>
  </testcase> <!-- Add_Valid_Data -->
  <system-out/>
</testsuite> <!-- TestCase.TVS_Admin_Add_Customer_TestCase -->
