<?xml version="1.0" encoding="UTF-8"?>
<!-- Generated by org.testng.reporters.JUnitReportReporter -->
<testsuite hostname="LAPTOP-GUCQM6AV" failures="0" tests="9" name="TestCase.TVS_Login_Page_TestCase" time="36.998" errors="0" timestamp="2022-09-23T20:47:19 IST" skipped="0">
  <testcase classname="TestCase.TVS_Login_Page_TestCase" name="Sign_In_Valid_Data" time="5.583"/>
  <system-out/>
  <testcase classname="TestCase.TVS_Login_Page_TestCase" name="Sign_In_InValid_Data" time="4.219"/>
  <system-out/>
  <testcase classname="TestCase.TVS_Login_Page_TestCase" name="Sign_In_Blank_Data" time="3.892"/>
  <system-out/>
  <testcase classname="TestCase.TVS_Login_Page_TestCase" name="Sign_In_ValidEmail_InvalidPassword" time="3.878"/>
  <system-out/>
  <testcase classname="TestCase.TVS_Login_Page_TestCase" name="Sign_In_ValidEmail_BlankPassword" time="3.979"/>
  <system-out/>
  <testcase classname="TestCase.TVS_Login_Page_TestCase" name="Sign_In_InValidEmail_ValidPassword" time="3.854"/>
  <system-out/>
  <testcase classname="TestCase.TVS_Login_Page_TestCase" name="Sign_In_InValidEmail_BlankPassword" time="3.940"/>
  <system-out/>
  <testcase classname="TestCase.TVS_Login_Page_TestCase" name="Sign_In_BlankEmail_ValidPassword" time="3.807"/>
  <system-out/>
  <testcase classname="TestCase.TVS_Login_Page_TestCase" name="Sign_In_BlankEmail_InValidPassword" time="3.846"/>
  <system-out/>
</testsuite> <!-- TestCase.TVS_Login_Page_TestCase -->
